1	
2	
3	
4	PACTL		: 1026
5	PACNT		: 1027
6	ADCTL		: 1030
7	ADR1		: 1031
8	ADR2		: 1032
9	ADR3		: 1033
10	ADR4		: 1034
11	OPTION		: 1039
12				: 0
13	PORTA		: 1000
14	PORTD		: 1008
15	PORTE		: 100A
16	PORTG		: 1002
17				: 0
18	DDRA		: 1001
19	DDRD		: 1009
20	DDRG		: 1003
21				: 0
22	TMSK2		: 1024
23	TFLG2		: 1025
24				: 0
25	SCDR		: 102F
26	$1af		: 102D
27	SCSR		: 102E
28	$1a5		: 102C
29	BAUD		: 102B
30	HPRIO		: 103C
31	SPCR		: 1028
32	CSCTL		: 105D
33	$175		: 1038
34				: 0
35	
36				: 0
37	ORDEN		: 000C
38	SEG		: 000D
39	U1		: 000E
40	U2		: 000F
41	U3		: 0010
42	U4		: 0011
43	U5		: 0012
44	V1		: 0013
45	V2		: 0014
46	BAS_H		: 0015
47	BAS_L		: 0016
48	V5		: 0017
49	TEMPO		: 0018
50	ALTO		: 0019
51	BAJO		: 001A
52	BASE_H		: 001B
53	BASE_L		: 001C
54	V3		: 001D
55	V4		: 001E
56				: 0
57	
58	
59	
61	LDS #$03FF * APUNTADOR DE STAK		: 8000	8E03FF
62				: 8003
63				: 8003
64	LDAA #$00 * CONFIG TODO EL PUERTO A COMO ENTRADAS			: 8003	8600
65	STAA DDRA * EL PUERTO A		: 8005	B71001
66				: 8008
67	LDAA #$FF * CONFIG TODO EL PUERTO G COMO SALIDAS			: 8008	86FF
68	STAA DDRG * EL PUERTO G		: 800A	B71003
69				: 800D
70	LDAA #$00 * SE PONE PUERTO G EN CEROS			: 800D	8600
71	STAA PORTG		: 800F	B71002
72				: 8012
73	LDD #$302C * CONFIGURA PUERTO SERIAL		: 8012	CC302C
74	STAA BAUD * BAUD 9600 para cristal de 8MHz		: 8015	B7102B
75	STAB SCCR2 * HABILITA RX Y TX PERO INTERRUPCN SOLO RX		: 8018	F7102D
76	LDAA #$00			: 801B	8600
77	STAA SCCR1 * 8 BITS		: 801D	B7102C
78				: 8020
79	LDAA #$FE * CONFIG PUERTO D COMO SALIDAS (EXCEPTO PD0)			: 8020	86FE
80	STAA DDRD * SEA ENABLE DEL DISPLAY PD4 Y RS PD3		: 8022	B71009
81				: 8025
82				: 8025
83	LDAA #$04			: 8025	8604
84	STAA HPRIO		: 8027	B7103C
85				: 802A
86	LDAA #$00			: 802A	8600
87	TAP			: 802C	6
88				: 802D
89				: 802D
90				: 802D
91				: 802D
92				: 802D
93				: 802D
94				: 802D
95	
96	
97	
98	MAIN			: 802D
99	JSR INICIA		: 802D	D9aa
100	LDAA #$3F			: 802F	863F
101	STAA ORDEN * CARGO UN (?) en 000A		: 8031	B7000C
102				: 8034
103				: 8034
104	CICLO			: 8034
105	LDAA SEG		: 8034	B6000D
106	BEQ CICLO		: 8037	27x7f0
107	CLR SEG		: 8039	7F000D
108				: 803C
109	LDAA PACNT		: 803C	B61027
110	STAA V5		: 803F	B70017
111	CLR PACNT		: 8042	7F1027
112				: 8045
113				: 8045
114	JSR DATARX * DESPLIEGA DATO TRANSMITIDO		: 8045	BD1b2
115	DEY			: 8048	3A
116	XGDY			: 8049	188F
117	STAA ALTO		: 804B	B70019
118	STAB BAJO		: 804E	F7001A
119	XGDY			: 8051	188F
120	LDAA ALTO		: 8053	B60019
121	LDAB BAJO		: 8056	F6001A
122	JSR BINBCD		: 8059	BD205
123	JSR DISPLAY		: 805C	BD15c
124	JSR COMA		: 805F	BDOMA
125	JSR VOLTA		: 8062	BD1cb
126				: 8065
127	CLRA			: 8065	3A
128	LDAB V1		: 8066	F60013
129	JSR BNBCD		: 8069	BD217
130	JSR DSPLY		: 806C	BD175
131	JSR COMA		: 806F	BDOMA
132				: 8072
133	CLRA			: 8072	3A
134	LDAB V2		: 8073	F60014
135	JSR BNBCD		: 8076	BD217
136	JSR DSPLY		: 8079	BD175
137	JSR COMA		: 807C	BDOMA
138				: 807F
139	CLRA			: 807F	3A
140	LDAB V3		: 8080	F6001D
141	JSR BNBCD		: 8083	BD217
142	JSR DSPLY		: 8086	BD175
143	JSR COMA		: 8089	BDOMA
144				: 808C
145	CLRA			: 808C	3A
146	LDAB V4		: 808D	F6001E
147	JSR BNBCD		: 8090	BD217
148	JSR DSPLY		: 8093	BD175
149	JSR COMA		: 8096	BDOMA
150				: 8099
151	CLRA			: 8099	3A
152	LDAB V5		: 809A	F60017
153	JSR BNBCD		: 809D	BD217
154	JSR DSPLY		: 80A0	BD175
155				: 80A3
156	JSR CRYTRN		: 80A3	BD19a
157				: 80A6
158	JMP CICLO		: 80A6	D935
159				: 80A8
160				: 80A8
161	
162	
163	
164	INICIA			: 80A8
165				: 80A8
166	CLR SEG		: 80A8	7F000D
167				: 80AB
168	CLR PORTG		: 80AB	7F1002
169	LDAA #$F4			: 80AE	86F4
170	STAA TEMPO * TEMPO ES VARIABLE PARA CONTAR 244 CICLOS		: 80B0	B70018
171				: 80B3
172	LDX #TMSK2		: 80B3	CE1024
173	BSET $00,X,#$40 * HABILITA INTERRUPCION TIMER T-REAL		: 80B6	1C00
174	CLI			: 80B9	3A
175				: 80BA
176	LDX #PACTL		: 80BA	CE1026
177	BSET $00,X,#$50 * HABILITA PAEN -ACUMULADOR PULSOS ALTOS-		: 80BD	1C00
178	CLR PACNT * BORRA ACUMULADOR DE PULSOS		: 80C0	7F1027
179				: 80C3
180	LDAA #$10			: 80C3	8610
181	STAA BASE_H * PONE UN #1060 COMO DIRECCION BASE INICIAL		: 80C5	B7001B
182	LDAA #$60			: 80C8	8660
183	STAA BASE_L		: 80CA	B7001C
184				: 80CD
185	LDY #$1060		: 80CD	18CE1060
186				: 80D1
187	LDAA #$16			: 80D1	8616
188	STAA BAS_H * PONE UN #1653 NUMERO TOTAL DE JUEGO DE MUESTRAS		: 80D3	B70015
189	LDAA #$53			: 80D6	8653
190	STAA BAS_L		: 80D8	B70016
191				: 80DB
192				: 80DB
193	CLR ALTO * INICIA INDICE MUESTRA EN 0		: 80DB	7F0019
194	CLR BAJO		: 80DE	7F001A
195				: 80E1
196	RTS			: 80E1	39
197	
198	
199	
200	SACA			: 80E2
201				: 80E2
202				: 80E2
203	LDAA ALTO * INDICE DE MUESTRA (SEGUNDO)		: 80E2	B60019
204	LDAB BAJO		: 80E5	F6001A
205	XGDY			: 80E8	188F
206	INY			: 80EA	3A
207	XGDY			: 80EB	188F
208	JSR BINBCD		: 80ED	BD205
209	JSR DISPLAY		: 80F0	BD15c
210	JSR COMA		: 80F3	BDOMA
211				: 80F6
212	LDAA BASE_H * INDICE DE MUESTRA (PARTICULAR)		: 80F6	B6001B
213	LDAB BASE_L		: 80F9	F6001C
214	XGDY			: 80FC	188F
215				: 80FE
216	INY			: 80FE	3A
217	CLRA			: 80FF	3A
218	LDAB $00,Y		: 8100	18E600
219	JSR BNBCD		: 8103	BD217
220	JSR DSPLY		: 8106	BD175
221	JSR COMA		: 8109	BDOMA
222				: 810C
223	INY			: 810C	3A
224	CLRA			: 810D	3A
225	LDAB $00,Y		: 810E	18E600
226	JSR BNBCD		: 8111	BD217
227	JSR DSPLY		: 8114	BD175
228	JSR COMA		: 8117	BDOMA
229				: 811A
230	INY			: 811A	3A
231	CLRA			: 811B	3A
232	LDAB $00,Y		: 811C	18E600
233	JSR BNBCD		: 811F	BD217
234	JSR DSPLY		: 8122	BD175
235	JSR COMA		: 8125	BDOMA
236				: 8128
237	INY			: 8128	3A
238	CLRA			: 8129	3A
239	LDAB $00,Y		: 812A	18E600
240	JSR BNBCD		: 812D	BD217
241	JSR DSPLY		: 8130	BD175
242	JSR COMA		: 8133	BDOMA
243				: 8136
244	INY			: 8136	3A
245	CLRA			: 8137	3A
246	LDAB $00,Y		: 8138	18E600
247	JSR BNBCD		: 813B	BD217
248	JSR DSPLY		: 813E	BD175
249				: 8141
250	XGDY			: 8141	188F
251	STAA BASE_H		: 8143	B7001B
252	STAB BASE_L		: 8146	F7001C
253				: 8149
254	JSR CRYTRN		: 8149	BD19a
255				: 814C
256	RTS			: 814C	39
257	
258	
259	
260	COMA			: 814D	3A
261	LDX #SCSR		: 814E	CE102E
262				: 8151
263	LDAA SCSR		: 8151	B6102E
264	LDAA #$2C * COMA			: 8154	862C
265	STAA SCDR		: 8156	B7102F
266	C1			: 8159
268	RTS			: 8159	39
269	
270	
271	
272	DISPLAY			: 815A
273				: 815A
274	LDX #SCSR		: 815A	CE102E
275				: 815D
276	LDAA SCSR		: 815D	B6102E
277	LDAA U1 * U1		: 8160	B6000E
278	ADDA #$30			: 8163	8B30
279	STAA SCDR		: 8165	B7102F
280	T1			: 8168
282				: 8168
283	LDAA SCSR		: 8168	B6102E
284	LDAA U2 * U2		: 816B	B6000F
285	ADDA #$30			: 816E	8B30
286	STAA SCDR		: 8170	B7102F
287	T2			: 8173
289				: 8173
290	DSPLY			: 8173
291	LDX #SCSR		: 8173	CE102E
292				: 8176
293	LDAA SCSR		: 8176	B6102E
294	LDAA U3 * U3		: 8179	B60010
295	ADDA #$30			: 817C	8B30
296	STAA SCDR		: 817E	B7102F
297	T3			: 8181
299				: 8181
300	LDAA SCSR		: 8181	B6102E
301	LDAA U4 * U4		: 8184	B60011
302	ADDA #$30			: 8187	8B30
303	STAA SCDR		: 8189	B7102F
304	T4			: 818C
306				: 818C
307	LDAA SCSR		: 818C	B6102E
308	LDAA U5 * U5		: 818F	B60012
309	ADDA #$30			: 8192	8B30
310	STAA SCDR		: 8194	B7102F
311	T5			: 8197
313				: 8197
314	RTS			: 8197	39
315				: 8198
316	
317	
318	
319				: 8198
320	CRYTRN			: 8198
321	LDX #SCSR		: 8198	CE102E
322	LDAA SCSR		: 819B	B6102E
323	LDAA #$0A * NEW LINE			: 819E	860A
324	STAA SCDR		: 81A0	B7102F
325	CR1			: 81A3
326	BRCLR $00,X,#$80 CR1		: 81A3	D9R1
327				: 81A5
328	LDAA SCSR		: 81A5	B6102E
329	LDAA #$0D * CARRY RETURN			: 81A8	860D
330	STAA SCDR		: 81AA	B7102F
331	CR2			: 81AD
332	BRCLR $00,X,#$80 CR2		: 81AD	D9R2
333				: 81AF
334	RTS			: 81AF	39
335	
336	
337	
338				: 81B0
339	DATARX			: 81B0
340	LDX #SCSR		: 81B0	CE102E
341	LDAA SCSR		: 81B3	B6102E
342	LDAA ORDEN * NEW LINE		: 81B6	B6000C
343	STAA SCDR		: 81B9	B7102F
344	DT1			: 81BC
345	BRCLR $00,X,#$80 DT1		: 81BC	D9T1
346				: 81BE
347	LDAA SCSR		: 81BE	B6102E
348	LDAA #$3A * DOS PUNTOS			: 81C1	863A
349	STAA SCDR		: 81C3	B7102F
350	DT2			: 81C6
351	BRCLR $00,X,#$80 DT2		: 81C6	D9T2
352				: 81C8
353	RTS			: 81C8	39
354	
355	
356	
357	VOLTA			: 81C9
358	LDX #ADCTL		: 81C9	CE1030
359				: 81CC
360	LDAA #$80			: 81CC	8680
361	STAA OPTION * PONE EN MARCHA EL ADC		: 81CE	B71039
362				: 81D1
363	LDAA #$10			: 81D1	8610
364	STAA ADCTL * ENTRADA MULTIPLE SELECCIONA CANAL 0		: 81D3	B71030
365				: 81D6
366	E1			: 81D6
368	LDAB ADR1		: 81D6	F61031
369	STAB V1		: 81D9	F70013
370				: 81DC
371	LDAA #$80			: 81DC	8680
372	STAA OPTION * PONE EN MARCHA EL ADC		: 81DE	B71039
373				: 81E1
374	LDAA #$11			: 81E1	8611
375	STAA ADCTL * ENTRADA MULTIPLE SELECCIONA CANAL 1		: 81E3	B71030
376				: 81E6
377	E2			: 81E6
379	LDAB ADR2		: 81E6	F61032
380	STAB V2		: 81E9	F70014
381				: 81EC
382	LDAA #$12			: 81EC	8612
383	STAA ADCTL * ENTRADA MULTIPLE SELECCIONA CANAL 2		: 81EE	B71030
384				: 81F1
385	E3			: 81F1
387	LDAB ADR3		: 81F1	F61033
388	STAB V3		: 81F4	F7001D
389				: 81F7
390	LDAA #$13			: 81F7	8613
391	STAA ADCTL * ENTRADA MULTIPLE SELECCIONA CANAL 3		: 81F9	B71030
392				: 81FC
393	E4			: 81FC
395	LDAB ADR4		: 81FC	F61034
396	STAB V4		: 81FF	F7001E
397				: 8202
398				: 8202
399	RTS			: 8202	39
400	
401	
402	
403				: 8203
404	BINBCD			: 8203
405				: 8203
406	LDX #$2710		: 8203	CE2710
407	IDIV			: 8206	3A
408	XGDX			: 8207	8F
409	STAB U1		: 8208	F7000E
410	XGDX			: 820B	8F
412	IDIV			: 820F	3A
413	XGDX			: 8210	8F
414	STAB U2		: 8211	F7000F
415	XGDX			: 8214	8F
416				: 8215
417	BNBCD			: 8215
418	LDX #$64			: 8215	CE64
419	IDIV			: 8218	3A
420	XGDX			: 8219	8F
421	STAB U3		: 821A	F70010
422	XGDX			: 821D	8F
424	IDIV			: 8221	3A
425	XGDX			: 8222	8F
426	STAB U4		: 8223	F70011
427	XGDX			: 8226	8F
428	STAB U5		: 8227	F70012
429				: 822A
430				: 822A
431				: 822A
432	RTS			: 822A	39
433				: 822B
434				: 822B
435				: 822B
436	
437	
438	
440				: F100
441	PSHA			: F100	36
442				: F101
443	LDAA SCSR		: F101	B6102E
444	LDAA SCDR		: F104	B6102F
445	STAA ORDEN		: F107	B7000C
446				: F10A
447	PULA			: F10A	32
448				: F10B
449	RTI			: F10B
450				: F10B
451	
452	
453	
455				: F110
456	PSHA			: F110	36
457	PSHX			: F111	3C
458				: F112
459	LDX #TFLG2		: F112	CE1025
460	BSET $00,X,#$40 * BORRA BANDERA INTERRUPCION		: F115	1C00
461	DEC TEMPO		: F118	7A0018
462	BEQ SEGUNDO		: F11B	27xf01
463				: F11D
464	PULA			: F11D	32
465	PULX			: F11E	38
466	RTI			: F11F
467				: F11F
468	SEGUNDO			: F11F
469	LDAA #$FF			: F11F	86FF
470	STAA SEG * SEG ES UNA BANDERA DE SEGUNDO		: F121	B7000D
471	LDAA #$F4			: F124	86F4
472	STAA TEMPO * TEMPO ES VARIABLE PARA CONTAR 244 CICLOS		: F126	B70018
473	INC PORTG		: F129	7C1002
474				: F12C
475	PULA			: F12C	32
476	PULX			: F12D	38
477	RTI			: F12E
478	
479	
480	
482	FCB $F1,$00		: FFD6	F100
483				: FFD6
484	
485	
486	
488	FCB $F1,$10		: FFF0	F110
489				: FFF0
490	
491	
492	
494	RESET FCB $80,$00		: FFFE	8000
495	
496	END			: FFFE
